Domination/build/outputs/apk/manifest-merger-debug-report.txt
-- Merging decision tree log ---
manifest
ADDED from AndroidManifest.xml:2:1
	package
		ADDED from AndroidManifest.xml:3:7
	android:versionName
		ADDED from AndroidManifest.xml:5:7
	xmlns:tools
		ADDED from AndroidManifest.xml:2:70
	android:versionCode
		ADDED from AndroidManifest.xml:4:7
		INJECTED from AndroidManifest.xml:0:0
		INJECTED from AndroidManifest.xml:0:0
	xmlns:android
		ADDED from AndroidManifest.xml:2:11
	android:installLocation
		ADDED from AndroidManifest.xml:6:7
uses-sdk
ADDED from AndroidManifest.xml:11:5
MERGED from Domination:AndroidME:unspecified:7:5
MERGED from Domination:BaseGameUtils:unspecified:22:5
MERGED from com.google.android.gms:play-services:3.2.65:7:5
	tools:overrideLibrary
		ADDED from AndroidManifest.xml:11:71
	android:targetSdkVersion
		ADDED from AndroidManifest.xml:11:41
	android:minSdkVersion
		ADDED from AndroidManifest.xml:11:15
uses-permission#com.google.android.c2dm.permission.RECEIVE
ADDED from AndroidManifest.xml:14:2
	android:name
		ADDED from AndroidManifest.xml:14:19
uses-permission#android.permission.INTERNET
ADDED from AndroidManifest.xml:16:2
	android:name
		ADDED from AndroidManifest.xml:16:19
uses-permission#android.permission.GET_ACCOUNTS
ADDED from AndroidManifest.xml:18:2
	android:name
		ADDED from AndroidManifest.xml:18:19
uses-permission#android.permission.WAKE_LOCK
ADDED from AndroidManifest.xml:20:2
	android:name
		ADDED from AndroidManifest.xml:20:19
permission#net.yura.domination.permission.C2D_MESSAGE
ADDED from AndroidManifest.xml:22:2
	android:name
		ADDED from AndroidManifest.xml:22:14
uses-permission#net.yura.domination.permission.C2D_MESSAGE
ADDED from AndroidManifest.xml:23:2
	android:name
		ADDED from AndroidManifest.xml:23:19
uses-permission#android.permission.VIBRATE
ADDED from AndroidManifest.xml:26:2
	android:name
		ADDED from AndroidManifest.xml:26:19
uses-permission#android.permission.ACCESS_NETWORK_STATE
ADDED from AndroidManifest.xml:29:6
	android:name
		ADDED from AndroidManifest.xml:29:23
uses-permission#android.permission.READ_EXTERNAL_STORAGE
ADDED from AndroidManifest.xml:32:5
	android:name
		ADDED from AndroidManifest.xml:32:22
application
ADDED from AndroidManifest.xml:39:5
	android:label
		ADDED from AndroidManifest.xml:41:12
	android:hardwareAccelerated
		ADDED from AndroidManifest.xml:43:12
	android:icon
		ADDED from AndroidManifest.xml:40:12
	android:theme
		ADDED from AndroidManifest.xml:42:12
	android:name
		ADDED from AndroidManifest.xml:39:18
meta-data#com.google.android.gms.games.APP_ID
ADDED from AndroidManifest.xml:46:3
	android:value
		ADDED from AndroidManifest.xml:47:6
	android:name
		ADDED from AndroidManifest.xml:46:14
receiver#net.yura.domination.android.GCMBroadcastReceiver
ADDED from AndroidManifest.xml:53:3
	android:permission
		ADDED from AndroidManifest.xml:53:77
	android:name
		ADDED from AndroidManifest.xml:53:13
intent-filter#com.google.android.c2dm.intent.RECEIVE+com.google.android.c2dm.intent.REGISTRATION+net.yura.domination
ADDED from AndroidManifest.xml:54:5
action#com.google.android.c2dm.intent.RECEIVE
ADDED from AndroidManifest.xml:55:7
	android:name
		ADDED from AndroidManifest.xml:55:15
action#com.google.android.c2dm.intent.REGISTRATION
ADDED from AndroidManifest.xml:56:7
	android:name
		ADDED from AndroidManifest.xml:56:15
category#net.yura.domination
ADDED from AndroidManifest.xml:57:7
	android:name
		ADDED from AndroidManifest.xml:57:17
service#net.yura.domination.android.GCMIntentService
ADDED from AndroidManifest.xml:60:3
	android:name
		ADDED from AndroidManifest.xml:60:12
activity#net.yura.domination.android.GCMActivity
ADDED from AndroidManifest.xml:61:3
	android:windowSoftInputMode
		ADDED from AndroidManifest.xml:61:178
	android:configChanges
		ADDED from AndroidManifest.xml:61:68
	android:theme
		ADDED from AndroidManifest.xml:61:226
	android:name
		ADDED from AndroidManifest.xml:61:13
activity#net.yura.domination.android.GameActivity
ADDED from AndroidManifest.xml:63:9
	android:label
		ADDED from AndroidManifest.xml:65:19
	android:launchMode
		ADDED from AndroidManifest.xml:64:16
	android:windowSoftInputMode
		ADDED from AndroidManifest.xml:66:19
	android:configChanges
		ADDED from AndroidManifest.xml:67:19
	android:name
		ADDED from AndroidManifest.xml:63:19
intent-filter#android.intent.action.MAIN+android.intent.category.LAUNCHER
ADDED from AndroidManifest.xml:68:13
action#android.intent.action.MAIN
ADDED from AndroidManifest.xml:69:17
	android:name
		ADDED from AndroidManifest.xml:69:25
category#android.intent.category.LAUNCHER
ADDED from AndroidManifest.xml:70:17
	android:name
		ADDED from AndroidManifest.xml:70:27
activity#net.yura.android.WebViewActivity
ADDED from AndroidManifest.xml:74:9
	android:windowSoftInputMode
		ADDED from AndroidManifest.xml:74:177
	android:configChanges
		ADDED from AndroidManifest.xml:74:67
	android:name
		ADDED from AndroidManifest.xml:74:19
activity#net.yura.android.LoadingDialog
ADDED from AndroidManifest.xml:75:9
	android:windowSoftInputMode
		ADDED from AndroidManifest.xml:75:175
	android:configChanges
		ADDED from AndroidManifest.xml:75:65
	android:theme
		ADDED from AndroidManifest.xml:75:223
	android:name
		ADDED from AndroidManifest.xml:75:19
activity#net.yura.domination.android.StatsActivity
ADDED from AndroidManifest.xml:76:9
	android:windowSoftInputMode
		ADDED from AndroidManifest.xml:76:186
	android:configChanges
		ADDED from AndroidManifest.xml:76:76
	android:theme
		ADDED from AndroidManifest.xml:76:234
	android:name
		ADDED from AndroidManifest.xml:76:19
activity#net.yura.domination.android.GamePreferenceActivity
ADDED from AndroidManifest.xml:77:9
	android:windowSoftInputMode
		ADDED from AndroidManifest.xml:77:195
	android:configChanges
		ADDED from AndroidManifest.xml:77:85
	android:theme
		ADDED from AndroidManifest.xml:77:243
	android:name
		ADDED from AndroidManifest.xml:77:19
activity#net.yura.domination.android.AboutActivity
ADDED from AndroidManifest.xml:78:9
	android:windowSoftInputMode
		ADDED from AndroidManifest.xml:78:186
	android:configChanges
		ADDED from AndroidManifest.xml:78:76
	android:theme
		ADDED from AndroidManifest.xml:78:234
	android:name
		ADDED from AndroidManifest.xml:78:19
activity#com.google.ads.AdActivity
ADDED from AndroidManifest.xml:79:9
	android:configChanges
		ADDED from AndroidManifest.xml:79:60
	android:name
		ADDED from AndroidManifest.xml:79:19
activity#net.yura.domination.android.ColorPickerActivity
ADDED from AndroidManifest.xml:80:9
	android:windowSoftInputMode
		ADDED from AndroidManifest.xml:80:192
	android:configChanges
		ADDED from AndroidManifest.xml:80:82
	android:theme
		ADDED from AndroidManifest.xml:80:240
	android:name
		ADDED from AndroidManifest.xml:80:19
meta-data#com.google.android.backup.api_key
ADDED from AndroidManifest.xml:82:9
	android:value
		ADDED from AndroidManifest.xml:82:69
	android:name
		ADDED from AndroidManifest.xml:82:20
meta-data#com.google.android.gms.version
ADDED from AndroidManifest.xml:83:9
	android:value
		ADDED from AndroidManifest.xml:83:66
	android:name
		ADDED from AndroidManifest.xml:83:20